<?xml version="1.0" encoding="UTF-8"?>
<!-- Generated by org.testng.reporters.JUnitXMLReporter -->
<testsuite ignored="0" hostname="PRO-IND-1437" failures="1" tests="1" name="Test" time="14.195" errors="0" timestamp="2023-03-21T16:09:34 IST">
  <testcase classname="Testcases.TC004" name="Scenario4" time="13.376">
    <failure type="java.lang.AssertionError" message="expected [true] but found [false]">
      <![CDATA[java.lang.AssertionError: expected [true] but found [false]
at Testcases.TC004.Scenario4(TC004.java:14)
at java.base/java.util.ArrayList.forEach(ArrayList.java:1511)
... Removed 31 stack frames]]>
    </failure>
  </testcase> <!-- Scenario4 -->
</testsuite> <!-- Test -->
